aerosmith
    description: Mini PC
    product: NUC12WSKv7 (NUC12WSKv7000)
    vendor: Intel(R) Client Systems
    version: M42742-400
    serial: BTWS24700EZ1
    width: 64 bits
    capabilities: smbios-3.5.0 dmi-3.5.0 smp vsyscall32
    configuration: boot=normal chassis=mini family=WS sku=NUC12WSKv7000 uuid=93f50f4d-bb96-b12d-6da7-48210b5114be
  *-core
       description: Motherboard
       product: NUC12WSBv7
       vendor: Intel Corporation
       physical id: 0
       version: M36952-400
       serial: BTWS24700EZ1
     *-firmware
          description: BIOS
          vendor: Intel Corp.
          physical id: 0
          version: WSADLV57.0085.2022.0718.1715
          date: 07/18/2022
          size: 64KiB
          capabilities: pci upgrade shadowing cdboot bootselect socketedrom edd int13floppynec int13floppytoshiba int13floppy360 int13floppy1200 int13floppy720 int13floppy2880 int5printscreen int14serial int17printer int10video acpi usb biosbootspecification uefi
     *-memory
          description: System Memory
          physical id: 28
          slot: System board or motherboard
          size: 64GiB
        *-bank:0
             description: SODIMM DDR4 Synchronous 3200 MHz (0.3 ns)
             product: CT32G4SFD832A.C16FF
             vendor: Crucial Technology
             physical id: 0
             serial: E7E3C3A3
             slot: Controller0-ChannelA-DIMM0
             size: 32GiB
             width: 64 bits
             clock: 3200MHz (0.3ns)
        *-bank:1
             description: SODIMM DDR4 Synchronous 3200 MHz (0.3 ns)
             product: CT32G4SFD832A.C16FF
             vendor: Crucial Technology
             physical id: 1
             serial: E7E3BE09
             slot: Controller1-ChannelA-DIMM0
             size: 32GiB
             width: 64 bits
             clock: 3200MHz (0.3ns)
     *-cache:0
          description: L1 cache
          physical id: 36
          slot: L1 Cache
          size: 192KiB
          capacity: 192KiB
          capabilities: synchronous internal write-back data
          configuration: level=1
     *-cache:1
          description: L1 cache
          physical id: 37
          slot: L1 Cache
          size: 128KiB
          capacity: 128KiB
          capabilities: synchronous internal write-back instruction
          configuration: level=1
     *-cache:2
          description: L2 cache
          physical id: 38
          slot: L2 Cache
          size: 5MiB
          capacity: 5MiB
          capabilities: synchronous internal write-back unified
          configuration: level=2
     *-cache:3
          description: L3 cache
          physical id: 39
          slot: L3 Cache
          size: 18MiB
          capacity: 18MiB
          capabilities: synchronous internal write-back unified
          configuration: level=3
     *-cache:4
          description: L1 cache
          physical id: 3a
          slot: L1 Cache
          size: 256KiB
          capacity: 256KiB
          capabilities: synchronous internal write-back data
          configuration: level=1
     *-cache:5
          description: L1 cache
          physical id: 3b
          slot: L1 Cache
          size: 512KiB
          capacity: 512KiB
          capabilities: synchronous internal write-back instruction
          configuration: level=1
     *-cache:6
          description: L2 cache
          physical id: 3c
          slot: L2 Cache
          size: 4MiB
          capacity: 4MiB
          capabilities: synchronous internal write-back unified
          configuration: level=2
     *-cache:7
          description: L3 cache
          physical id: 3d
          slot: L3 Cache
          size: 18MiB
          capacity: 18MiB
          capabilities: synchronous internal write-back unified
          configuration: level=3
     *-cpu
          description: CPU
          product: 12th Gen Intel(R) Core(TM) i7-1270P
          vendor: Intel Corp.
          physical id: 3e
          bus info: cpu@0
          version: 6.154.3
          serial: To Be Filled By O.E.M.
          slot: U3E1
          size: 2268MHz
          capacity: 4800MHz
          width: 64 bits
          clock: 100MHz
          capabilities: lm fpu fpu_exception wp vme de pse tsc msr pae mce cx8 apic sep mtrr pge mca cmov pat pse36 clflush dts acpi mmx fxsr sse sse2 ss ht tm pbe syscall nx pdpe1gb rdtscp x86-64 constant_tsc art arch_perfmon pebs bts rep_good nopl xtopology nonstop_tsc cpuid aperfmperf tsc_known_freq pni pclmulqdq dtes64 monitor ds_cpl vmx smx est tm2 ssse3 sdbg fma cx16 xtpr pdcm sse4_1 sse4_2 x2apic movbe popcnt tsc_deadline_timer aes xsave avx f16c rdrand lahf_lm abm 3dnowprefetch cpuid_fault epb ssbd ibrs ibpb stibp ibrs_enhanced tpr_shadow vnmi flexpriority ept vpid ept_ad fsgsbase tsc_adjust bmi1 avx2 smep bmi2 erms invpcid rdseed adx smap clflushopt clwb intel_pt sha_ni xsaveopt xsavec xgetbv1 xsaves split_lock_detect avx_vnni dtherm ida arat pln pts hwp hwp_notify hwp_act_window hwp_epp hwp_pkg_req umip pku ospke waitpkg gfni vaes vpclmulqdq tme rdpid movdiri movdir64b fsrm md_clear serialize pconfig arch_lbr flush_l1d arch_capabilities cpufreq
          configuration: cores=12 enabledcores=12 microcode=1078 threads=16
     *-pci
          description: Host bridge
          product: Intel Corporation
          vendor: Intel Corporation
          physical id: 100
          bus info: pci@0000:00:00.0
          version: 02
          width: 32 bits
          clock: 33MHz
          configuration: driver=igen6_edac
          resources: irq:0
        *-display
             description: VGA compatible controller
             product: Alder Lake-P Integrated Graphics Controller
             vendor: Intel Corporation
             physical id: 2
             bus info: pci@0000:00:02.0
             logical name: /dev/fb0
             version: 0c
             width: 64 bits
             clock: 33MHz
             capabilities: pciexpress msi pm vga_controller bus_master cap_list rom fb
             configuration: depth=32 driver=i915 latency=0 mode=1920x1080 resolution=3840,2160 visual=truecolor xres=1920 yres=1080
             resources: iomemory:600-5ff iomemory:400-3ff irq:183 memory:603c000000-603cffffff memory:4000000000-400fffffff ioport:3000(size=64) memory:c0000-dffff memory:4010000000-4016ffffff memory:4020000000-40ffffffff
        *-pci:0
             description: PCI bridge
             product: 12th Gen Core Processor PCI Express x4 Controller #0
             vendor: Intel Corporation
             physical id: 6
             bus info: pci@0000:00:06.0
             version: 02
             width: 32 bits
             clock: 33MHz
             capabilities: pci pciexpress msi pm normal_decode bus_master cap_list
             configuration: driver=pcieport
             resources: irq:122 memory:84400000-844fffff
           *-nvme
                description: NVMe device
                product: Samsung SSD 980 PRO 2TB
                vendor: Samsung Electronics Co Ltd
                physical id: 0
                bus info: pci@0000:01:00.0
                logical name: /dev/nvme0
                version: 5B2QGXA7
                serial: S6B0NL0W226176J
                width: 64 bits
                clock: 33MHz
                capabilities: nvme pm msi pciexpress msix nvm_express bus_master cap_list
                configuration: driver=nvme latency=0 nqn=nqn.1994-11.com.samsung:nvme:980PRO:M.2:S6B0NL0W226176J state=live
                resources: irq:16 memory:84400000-84403fff
              *-namespace:0
                   description: NVMe disk
                   physical id: 0
                   logical name: hwmon1
              *-namespace:1
                   description: NVMe disk
                   physical id: 2
                   logical name: /dev/ng0n1
              *-namespace:2
                   description: NVMe disk
                   physical id: 1
                   bus info: nvme@0:1
                   logical name: /dev/nvme0n1
                   size: 1863GiB (2TB)
                   capabilities: gpt-1.00 partitioned partitioned:gpt
                   configuration: guid=2dde3b53-8451-45a3-a14c-79e3695b7ed6 logicalsectorsize=512 sectorsize=512 wwid=eui.002538b231a4965a
                 *-volume:0 UNCLAIMED
                      description: Windows FAT volume
                      vendor: mkfs.fat
                      physical id: 1
                      bus info: nvme@0:1,1
                      version: FAT32
                      serial: 810e-49d1
                      size: 31GiB
                      capacity: 31GiB
                      capabilities: boot fat initialized
                      configuration: FATs=2 filesystem=fat
                 *-volume:1
                      description: EXT4 volume
                      vendor: Linux
                      physical id: 2
                      bus info: nvme@0:1,2
                      logical name: /dev/nvme0n1p2
                      logical name: /
                      logical name: /var/snap/firefox/common/host-hunspell
                      version: 1.0
                      serial: 24a3ac68-43a5-4d64-9a26-88f86e005af9
                      size: 1767GiB
                      capabilities: journaled extended_attributes large_files huge_files dir_nlink recover 64bit extents ext4 ext2 initialized
                      configuration: created=2023-04-17 23:26:25 filesystem=ext4 lastmountpoint=/ modified=2025-05-21 21:01:35 mount.fstype=ext4 mount.options=ro,noexec,noatime mounted=2025-05-21 21:01:36 name=S02T0_aerosmith state=mounted
                 *-volume:2
                      description: Linux swap volume
                      vendor: Linux
                      physical id: 3
                      bus info: nvme@0:1,3
                      logical name: /dev/nvme0n1p3
                      version: 1
                      serial: 242a48d8-2552-49d4-a261-33e5d55b30ed
                      size: 63GiB
                      capacity: 63GiB
                      capabilities: nofs swap initialized
                      configuration: filesystem=swap pagesize=4095
        *-pci:1
             description: PCI bridge
             product: Alder Lake-P Thunderbolt 4 PCI Express Root Port #0
             vendor: Intel Corporation
             physical id: 7
             bus info: pci@0000:00:07.0
             version: 02
             width: 32 bits
             clock: 33MHz
             capabilities: pci pciexpress msi pm normal_decode bus_master cap_list
             configuration: driver=pcieport
             resources: irq:123 ioport:4000(size=4096) memory:78000000-841fffff ioport:6020000000(size=469762048)
        *-pci:2
             description: PCI bridge
             product: Alder Lake-P Thunderbolt 4 PCI Express Root Port #2
             vendor: Intel Corporation
             physical id: 7.2
             bus info: pci@0000:00:07.2
             version: 02
             width: 32 bits
             clock: 33MHz
             capabilities: pci pciexpress msi pm normal_decode bus_master cap_list
             configuration: driver=pcieport
             resources: irq:124 ioport:5000(size=4096) memory:6a000000-761fffff ioport:6000000000(size=469762048)
        *-generic:0 UNCLAIMED
             description: System peripheral
             product: 12th Gen Core Processor Gaussian & Neural Accelerator
             vendor: Intel Corporation
             physical id: 8
             bus info: pci@0000:00:08.0
             version: 02
             width: 64 bits
             clock: 33MHz
             capabilities: msi pm cap_list
             configuration: latency=0
             resources: iomemory:600-5ff memory:603d1ba000-603d1bafff
        *-generic:1
             description: Signal processing controller
             product: Platform Monitoring Technology
             vendor: Intel Corporation
             physical id: a
             bus info: pci@0000:00:0a.0
             version: 01
             width: 64 bits
             clock: 33MHz
             capabilities: pciexpress pm cap_list
             configuration: driver=intel-pmt latency=0
             resources: iomemory:600-5ff irq:0 memory:603d1a0000-603d1a7fff
        *-usb:0
             description: USB controller
             product: Alder Lake-P Thunderbolt 4 USB Controller
             vendor: Intel Corporation
             physical id: d
             bus info: pci@0000:00:0d.0
             version: 02
             width: 64 bits
             clock: 33MHz
             capabilities: pm msi xhci bus_master cap_list
             configuration: driver=xhci_hcd latency=0
             resources: iomemory:600-5ff irq:143 memory:603d190000-603d19ffff
           *-usbhost:0
                product: xHCI Host Controller
                vendor: Linux 5.15.0-139-generic xhci-hcd
                physical id: 0
                bus info: usb@1
                logical name: usb1
                version: 5.15
                capabilities: usb-2.00
                configuration: driver=hub slots=1 speed=480Mbit/s
           *-usbhost:1
                product: xHCI Host Controller
                vendor: Linux 5.15.0-139-generic xhci-hcd
                physical id: 1
                bus info: usb@2
                logical name: usb2
                version: 5.15
                capabilities: usb-3.10
                configuration: driver=hub slots=3 speed=10000Mbit/s
              *-usb:0
                   description: Mass storage device
                   product: PSSD T9
                   vendor: Samsung
                   physical id: 1
                   bus info: usb@2:1
                   logical name: scsi2
                   version: 1.00
                   serial: S744NS0X405185A
                   capabilities: usb-3.20 scsi
                   configuration: driver=uas maxpower=896mA speed=10000Mbit/s
                 *-disk
                      description: SCSI Disk
                      product: PSSD T9
                      vendor: Samsung
                      physical id: 0.0.0
                      bus info: scsi@2:0.0.0
                      logical name: /dev/sda
                      version: 0
                      serial: A581504X0SN447S
                      size: 3726GiB (4TB)
                      capabilities: gpt-1.00 partitioned partitioned:gpt
                      configuration: ansiversion=6 guid=13ba37c1-1e57-4f51-b69f-9a32bb6e8e00 logicalsectorsize=512 sectorsize=512
                    *-volume
                         description: EXT4 volume
                         vendor: Linux
                         physical id: 1
                         bus info: scsi@2:0.0.0,1
                         logical name: /dev/sda1
                         version: 1.0
                         serial: 9fe1e447-16bc-401a-b505-ca62729ea1a0
                         size: 3726GiB
                         capabilities: journaled extended_attributes large_files huge_files dir_nlink 64bit extents ext4 ext2 initialized
                         configuration: created=2024-07-20 23:45:51 filesystem=ext4 label=S04T0_stoneroses lastmountpoint=/media/blusjune/S04T0_stoneroses modified=2025-05-14 01:38:00 mounted=2025-05-14 01:11:43 name=StoneRoses state=clean
              *-usb:1
                   description: USB hub
                   product: USB3.0 Hub
                   vendor: VIA Labs, Inc.
                   physical id: 3
                   bus info: usb@2:3
                   version: 4.54
                   serial: 000000000
                   capabilities: usb-3.10
                   configuration: driver=hub slots=4 speed=5000Mbit/s
                 *-usb
                      description: Mass storage device
                      product: USB3.0-CRW
                      vendor: Generic
                      physical id: 3
                      bus info: usb@2:3.3
                      logical name: scsi3
                      version: 7.00
                      serial: 60000719201300000
                      capabilities: usb-3.00 scsi emulated scsi-host
                      configuration: driver=usb-storage maxpower=800mA speed=5000Mbit/s
                    *-disk:0
                         description: SCSI Disk
                         product: SD/MMC
                         vendor: Generic-
                         physical id: 0.0.0
                         bus info: scsi@3:0.0.0
                         logical name: /dev/sdc
                         version: 1.00
                         serial: 2012062914345300
                         capabilities: removable
                         configuration: ansiversion=6 logicalsectorsize=512 sectorsize=512
                       *-medium
                            physical id: 0
                            logical name: /dev/sdc
                    *-disk:1
                         description: SCSI Disk
                         product: SD/MMC/MS/MSPRO
                         vendor: Generic-
                         physical id: 0.0.1
                         bus info: scsi@3:0.0.1
                         logical name: /dev/sdd
                         version: 1.00
                         serial: 2012062914345300
                         capabilities: removable
                         configuration: ansiversion=6 logicalsectorsize=512 sectorsize=512
                       *-medium
                            physical id: 0
                            logical name: /dev/sdd
        *-usb:1
             description: USB controller
             product: Alder Lake-P Thunderbolt 4 NHI #0
             vendor: Intel Corporation
             physical id: d.2
             bus info: pci@0000:00:0d.2
             version: 02
             width: 64 bits
             clock: 33MHz
             capabilities: pm msi msix usb4_host_interface bus_master cap_list
             configuration: driver=thunderbolt latency=0
             resources: iomemory:600-5ff iomemory:600-5ff irq:16 memory:603d140000-603d17ffff memory:603d1b9000-603d1b9fff
        *-usb:2
             description: USB controller
             product: Alder Lake-P Thunderbolt 4 NHI #1
             vendor: Intel Corporation
             physical id: d.3
             bus info: pci@0000:00:0d.3
             version: 02
             width: 64 bits
             clock: 33MHz
             capabilities: pm msi msix usb4_host_interface bus_master cap_list
             configuration: driver=thunderbolt latency=0
             resources: iomemory:600-5ff iomemory:600-5ff irq:16 memory:603d100000-603d13ffff memory:603d1b8000-603d1b8fff
        *-usb:3
             description: USB controller
             product: Alder Lake PCH USB 3.2 xHCI Host Controller
             vendor: Intel Corporation
             physical id: 14
             bus info: pci@0000:00:14.0
             version: 01
             width: 64 bits
             clock: 33MHz
             capabilities: pm msi xhci bus_master cap_list
             configuration: driver=xhci_hcd latency=0
             resources: iomemory:600-5ff irq:149 memory:603d180000-603d18ffff
           *-usbhost:0
                product: xHCI Host Controller
                vendor: Linux 5.15.0-139-generic xhci-hcd
                physical id: 0
                bus info: usb@3
                logical name: usb3
                version: 5.15
                capabilities: usb-2.00
                configuration: driver=hub slots=12 speed=480Mbit/s
              *-usb:0
                   description: USB hub
                   product: USB2.1 Hub
                   vendor: Generic
                   physical id: 2
                   bus info: usb@3:2
                   version: 1.01
                   capabilities: usb-2.10
                   configuration: driver=hub slots=5 speed=480Mbit/s
                 *-usb
                      description: Keyboard
                      product: LEOPOLD Mini Keyboard
                      vendor: LEOPOLD
                      physical id: 4
                      bus info: usb@3:2.4
                      logical name: input4
                      logical name: /dev/input/event4
                      logical name: input4::capslock
                      logical name: input4::compose
                      logical name: input4::kana
                      logical name: input4::numlock
                      logical name: input4::scrolllock
                      version: 0.01
                      capabilities: usb-2.00 usb
                      configuration: driver=usbhid maxpower=100mA speed=12Mbit/s
              *-usb:1
                   description: USB hub
                   product: USB2.0 Hub
                   vendor: VIA Labs, Inc.
                   physical id: 3
                   bus info: usb@3:3
                   version: 7.04
                   serial: 000000001
                   capabilities: usb-2.10
                   configuration: driver=hub slots=4 speed=480Mbit/s
                 *-usb:0
                      description: Mass storage device
                      product: Expansion HDD
                      vendor: Seagate
                      physical id: 1
                      bus info: usb@3:3.1
                      logical name: scsi5
                      version: 18.01
                      serial: 00000000NT17777W
                      capabilities: usb-2.10 scsi
                      configuration: driver=uas maxpower=30mA speed=480Mbit/s
                    *-disk
                         description: SCSI Disk
                         product: Expansion HDD
                         vendor: Seagate
                         physical id: 0.0.0
                         bus info: scsi@5:0.0.0
                         logical name: /dev/sde
                         version: 1801
                         serial: 00000000NT17777W
                         size: 12TiB (14TB)
                         capabilities: gpt-1.00 partitioned partitioned:gpt
                         configuration: ansiversion=6 guid=9a348e47-383e-4de8-b69e-a2c705bc7ff5 logicalsectorsize=512 sectorsize=4096
                       *-volume
                            description: EXT4 volume
                            vendor: Linux
                            physical id: 1
                            bus info: scsi@5:0.0.0,1
                            logical name: /dev/sde1
                            version: 1.0
                            serial: 592ca18d-0449-4236-85f8-49d74a698bb9
                            size: 12TiB
                            capabilities: journaled extended_attributes large_files huge_files dir_nlink 64bit extents ext4 ext2 initialized
                            configuration: created=2024-07-20 14:12:30 filesystem=ext4 label=H14T0_hetfield lastmountpoint=/media/blusjune/H14T0_hetfield modified=2025-04-28 00:37:38 mounted=2025-04-28 00:29:43 name=Hetfield state=clean
                 *-usb:1
                      description: Mass storage device
                      product: Expansion HDD
                      vendor: Seagate
                      physical id: 2
                      bus info: usb@3:3.2
                      logical name: scsi6
                      version: 18.01
                      serial: 00000000NT17775X
                      capabilities: usb-2.10 scsi
                      configuration: driver=uas maxpower=30mA speed=480Mbit/s
                    *-disk
                         description: SCSI Disk
                         product: Expansion HDD
                         vendor: Seagate
                         physical id: 0.0.0
                         bus info: scsi@6:0.0.0
                         logical name: /dev/sdf
                         version: 1801
                         serial: 00000000NT17775X
                         size: 12TiB (14TB)
                         capabilities: gpt-1.00 partitioned partitioned:gpt
                         configuration: ansiversion=6 guid=ecc360ab-e664-4ce6-8116-98ade72f7244 logicalsectorsize=512 sectorsize=4096
                       *-volume
                            description: EXT4 volume
                            vendor: Linux
                            physical id: 1
                            bus info: scsi@6:0.0.0,1
                            logical name: /dev/sdf1
                            version: 1.0
                            serial: e490e3cb-c564-4b2e-b7fa-c433b1c38b82
                            size: 12TiB
                            capabilities: journaled extended_attributes large_files huge_files dir_nlink 64bit extents ext4 ext2 initialized
                            configuration: created=2024-07-20 14:22:20 filesystem=ext4 label=H14T0_ulrich lastmountpoint=/media/blusjune/H14T0_ulrich modified=2025-04-28 00:37:38 mounted=2025-04-28 00:29:43 name=Ulrich state=clean
                 *-usb:2
                      description: Mass storage device
                      product: Elements 25A3
                      vendor: Western Digital
                      physical id: 3
                      bus info: usb@3:3.3
                      logical name: scsi7
                      version: 10.31
                      serial: 34424B5937504259
                      capabilities: usb-2.10 scsi emulated scsi-host
                      configuration: driver=usb-storage maxpower=30mA speed=480Mbit/s
                    *-disk
                         description: SCSI Disk
                         product: Elements 25A3
                         vendor: WD
                         physical id: 0.0.0
                         bus info: scsi@7:0.0.0
                         logical name: /dev/sdg
                         version: 1031
                         serial: 4BKY7PBY
                         size: 14TiB (16TB)
                         capabilities: gpt-1.00 partitioned partitioned:gpt
                         configuration: ansiversion=6 guid=42d18183-0f81-4eda-8565-15f38fd94767 logicalsectorsize=512 sectorsize=4096
                       *-volume
                            description: EXT4 volume
                            vendor: Linux
                            physical id: 1
                            bus info: scsi@7:0.0.0,1
                            logical name: /dev/sdg1
                            version: 1.0
                            serial: 9a3bc4d0-bc54-435b-9e29-395de92500c8
                            size: 14TiB
                            capabilities: journaled extended_attributes large_files huge_files dir_nlink extents ext4 ext2 initialized
                            configuration: created=2023-10-16 23:29:58 filesystem=ext4 label=H16T0_metallica lastmountpoint=/media/blusjune/H16T0_metallica modified=2025-04-28 00:37:39 mounted=2025-04-28 00:29:43 name=H16T0_metallica state=clean
                 *-usb:3
                      description: Mass storage device
                      product: Elements 2621
                      vendor: Western Digital
                      physical id: 4
                      bus info: usb@3:3.4
                      logical name: scsi8
                      version: 10.34
                      serial: 575838324432334430445331
                      capabilities: usb-2.10 scsi emulated scsi-host
                      configuration: driver=usb-storage maxpower=500mA speed=480Mbit/s
                    *-disk
                         description: SCSI Disk
                         product: Elements 2621
                         vendor: WD
                         physical id: 0.0.0
                         bus info: scsi@8:0.0.0
                         logical name: /dev/sdh
                         version: 1034
                         serial: WX82D23D0DS1
                         size: 4657GiB (5TB)
                         capabilities: gpt-1.00 partitioned partitioned:gpt
                         configuration: ansiversion=6 guid=d19bcd98-f3e3-42a0-974d-16653431d027 logicalsectorsize=512 sectorsize=4096
                       *-volume
                            description: EXT4 volume
                            vendor: Linux
                            physical id: 1
                            bus info: scsi@8:0.0.0,1
                            logical name: /dev/sdh1
                            version: 1.0
                            serial: 1e33bc44-cc30-4694-8a64-a98e418fb7cf
                            size: 4657GiB
                            capabilities: journaled extended_attributes large_files huge_files dir_nlink extents ext4 ext2 initialized
                            configuration: created=2023-10-17 23:16:56 filesystem=ext4 label=H05T0_pinkfloyd lastmountpoint=/media/blusjune/H05T0_pinkfloyd modified=2025-05-14 01:38:00 mounted=2025-05-14 01:11:43 name=H05T0_pinkfloyd state=clean
              *-usb:2
                   description: USB hub
                   product: USB2.0 Hub
                   vendor: VIA Labs, Inc.
                   physical id: 5
                   bus info: usb@3:5
                   version: 4.54
                   serial: 000000000
                   capabilities: usb-2.10
                   configuration: driver=hub slots=5 speed=480Mbit/s
                 *-usb:0
                      description: USB hub
                      product: USB 2.0 Hub
                      vendor: Terminus Technology Inc.
                      physical id: 3
                      bus info: usb@3:5.3
                      version: 1.11
                      capabilities: usb-2.00
                      configuration: driver=hub maxpower=100mA slots=4 speed=480Mbit/s
                 *-usb:1 UNCLAIMED
                      description: Generic USB device
                      product: USB-C 7-in-1 Multiport Adapter
                      vendor: Belkin International
                      physical id: 5
                      bus info: usb@3:5.5
                      version: 0.01
                      serial: 0000000000000001
                      capabilities: usb-2.01
                      configuration: maxpower=100mA speed=480Mbit/s
              *-usb:3
                   description: Bluetooth wireless interface
                   vendor: Intel Corp.
                   physical id: a
                   bus info: usb@3:a
                   version: 0.00
                   capabilities: bluetooth usb-2.01
                   configuration: driver=btusb maxpower=100mA speed=12Mbit/s
           *-usbhost:1
                product: xHCI Host Controller
                vendor: Linux 5.15.0-139-generic xhci-hcd
                physical id: 1
                bus info: usb@4
                logical name: usb4
                version: 5.15
                capabilities: usb-3.10
                configuration: driver=hub slots=4 speed=10000Mbit/s
              *-usb
                   description: USB hub
                   product: USB3.2 Hub
                   vendor: Generic
                   physical id: 2
                   bus info: usb@4:2
                   version: 1.01
                   capabilities: usb-3.20
                   configuration: driver=hub slots=4 speed=5000Mbit/s
                 *-usb
                      description: Mass storage device
                      product: PSSD T7 Shield
                      vendor: Samsung
                      physical id: 1
                      bus info: usb@4:2.1
                      logical name: scsi4
                      version: 1.00
                      serial: S6NSNJ0W505777F
                      capabilities: usb-3.20 scsi
                      configuration: driver=uas maxpower=896mA speed=5000Mbit/s
                    *-disk
                         description: SCSI Disk
                         product: PSSD T7 Shield
                         vendor: Samsung
                         physical id: 0.0.0
                         bus info: scsi@4:0.0.0
                         logical name: /dev/sdb
                         version: 0
                         serial: F777505W0JNSN6S
                         size: 1863GiB (2TB)
                         capabilities: partitioned partitioned:dos
                         configuration: ansiversion=6 logicalsectorsize=512 sectorsize=512 signature=90441e6f
                       *-volume
                            description: EXT4 volume
                            vendor: Linux
                            physical id: 1
                            bus info: scsi@4:0.0.0,1
                            logical name: /dev/sdb1
                            version: 1.0
                            serial: 6df11469-4ece-4f06-b63d-6a3538857c73
                            size: 1863GiB
                            capacity: 1863GiB
                            capabilities: primary journaled extended_attributes large_files huge_files dir_nlink extents ext4 ext2 initialized
                            configuration: created=2023-10-22 13:39:16 filesystem=ext4 label=S02T0_oasis lastmountpoint=/media/blusjune/S02T0_oasis modified=2025-05-14 01:37:59 mounted=2025-05-14 01:11:43 state=clean
        *-memory UNCLAIMED
             description: RAM memory
             product: Alder Lake PCH Shared SRAM
             vendor: Intel Corporation
             physical id: 14.2
             bus info: pci@0000:00:14.2
             version: 01
             width: 64 bits
             clock: 33MHz (30.3ns)
             capabilities: pm cap_list
             configuration: latency=0
             resources: iomemory:600-5ff iomemory:600-5ff memory:603d1b0000-603d1b3fff memory:603d1b7000-603d1b7fff
        *-network
             description: Wireless interface
             product: Alder Lake-P PCH CNVi WiFi
             vendor: Intel Corporation
             physical id: 14.3
             bus info: pci@0000:00:14.3
             logical name: wlo1
             version: 01
             serial: 08:8e:90:37:65:13
             width: 64 bits
             clock: 33MHz
             capabilities: pm msi pciexpress msix bus_master cap_list ethernet physical wireless
             configuration: broadcast=yes driver=iwlwifi driverversion=5.15.0-139-generic firmware=64.97bbee0a.0 so-a0-gf-a0-64.uc latency=0 link=no multicast=yes wireless=IEEE 802.11
             resources: iomemory:600-5ff irq:16 memory:603d1ac000-603d1affff
        *-serial:0
             description: Serial bus controller
             product: Alder Lake PCH Serial IO I2C Controller #0
             vendor: Intel Corporation
             physical id: 15
             bus info: pci@0000:00:15.0
             version: 01
             width: 64 bits
             clock: 33MHz
             capabilities: pm bus_master cap_list
             configuration: driver=intel-lpss latency=0
             resources: irq:27 memory:4017000000-4017000fff
        *-communication:0
             description: Communication controller
             product: Alder Lake PCH HECI Controller
             vendor: Intel Corporation
             physical id: 16
             bus info: pci@0000:00:16.0
             version: 01
             width: 64 bits
             clock: 33MHz
             capabilities: pm msi bus_master cap_list
             configuration: driver=mei_me latency=0
             resources: iomemory:600-5ff irq:184 memory:603d1b5000-603d1b5fff
        *-communication:1
             description: Serial controller
             product: Intel Corporation
             vendor: Intel Corporation
             physical id: 16.3
             bus info: pci@0000:00:16.3
             version: 01
             width: 32 bits
             clock: 66MHz
             capabilities: msi pm 16550 cap_list
             configuration: driver=serial latency=0
             resources: irq:19 ioport:30a0(size=8) memory:84504000-84504fff
        *-sata
             description: SATA controller
             product: Alder Lake-P SATA AHCI Controller
             vendor: Intel Corporation
             physical id: 17
             bus info: pci@0000:00:17.0
             version: 01
             width: 32 bits
             clock: 66MHz
             capabilities: sata msi pm ahci_1.0 bus_master cap_list
             configuration: driver=ahci latency=0
             resources: irq:142 memory:84500000-84501fff memory:84503000-845030ff ioport:3090(size=8) ioport:3080(size=4) ioport:3060(size=32) memory:84502000-845027ff
        *-pci:3
             description: PCI bridge
             product: Intel Corporation
             vendor: Intel Corporation
             physical id: 1d
             bus info: pci@0000:00:1d.0
             version: 01
             width: 32 bits
             clock: 33MHz
             capabilities: pci pciexpress msi pm normal_decode bus_master cap_list
             configuration: driver=pcieport
             resources: irq:125 memory:84200000-843fffff
           *-network
                description: Ethernet interface
                product: Ethernet Controller I225-LM
                vendor: Intel Corporation
                physical id: 0
                bus info: pci@0000:56:00.0
                logical name: enp86s0
                version: 03
                serial: 48:21:0b:51:14:be
                size: 1Gbit/s
                capacity: 1Gbit/s
                width: 32 bits
                clock: 33MHz
                capabilities: pm msi msix pciexpress bus_master cap_list ethernet physical tp 10bt 10bt-fd 100bt 100bt-fd 1000bt-fd autonegotiation
                configuration: autonegotiation=on broadcast=yes driver=igc driverversion=5.15.0-139-generic duplex=full firmware=1085:8770 ip=10.0.10.12 latency=0 link=yes multicast=yes port=twisted pair speed=1Gbit/s
                resources: irq:16 memory:84200000-842fffff memory:84300000-84303fff
        *-isa
             description: ISA bridge
             product: Alder Lake PCH eSPI Controller
             vendor: Intel Corporation
             physical id: 1f
             bus info: pci@0000:00:1f.0
             version: 01
             width: 32 bits
             clock: 33MHz
             capabilities: isa bus_master
             configuration: latency=0
           *-pnp00:00
                product: PnP device PNP0c02
                physical id: 0
                capabilities: pnp
                configuration: driver=system
           *-pnp00:01
                product: PnP device PNP0c02
                physical id: 1
                capabilities: pnp
                configuration: driver=system
           *-pnp00:02
                product: PnP device PNP0c02
                physical id: 2
                capabilities: pnp
                configuration: driver=system
           *-pnp00:03
                product: PnP device PNP0c02
                physical id: 3
                capabilities: pnp
                configuration: driver=system
           *-pnp00:04
                product: PnP device PNP0c02
                physical id: 4
                capabilities: pnp
                configuration: driver=system
           *-pnp00:05
                product: PnP device PNP0c02
                physical id: 5
                capabilities: pnp
                configuration: driver=system
        *-multimedia
             description: Multimedia audio controller
             product: Alder Lake PCH-P High Definition Audio Controller
             vendor: Intel Corporation
             physical id: 1f.3
             bus info: pci@0000:00:1f.3
             logical name: card0
             logical name: /dev/snd/controlC0
             logical name: /dev/snd/hwC0D0
             logical name: /dev/snd/hwC0D2
             logical name: /dev/snd/pcmC0D0c
             logical name: /dev/snd/pcmC0D0p
             logical name: /dev/snd/pcmC0D10p
             logical name: /dev/snd/pcmC0D11p
             logical name: /dev/snd/pcmC0D12p
             logical name: /dev/snd/pcmC0D13p
             logical name: /dev/snd/pcmC0D14p
             logical name: /dev/snd/pcmC0D15p
             logical name: /dev/snd/pcmC0D16p
             logical name: /dev/snd/pcmC0D17p
             logical name: /dev/snd/pcmC0D3p
             logical name: /dev/snd/pcmC0D7p
             logical name: /dev/snd/pcmC0D8p
             logical name: /dev/snd/pcmC0D9p
             version: 01
             width: 64 bits
             clock: 33MHz
             capabilities: pm msi bus_master cap_list
             configuration: driver=snd_hda_intel latency=32
             resources: iomemory:600-5ff iomemory:600-5ff irq:201 memory:603d1a8000-603d1abfff memory:603d000000-603d0fffff
           *-input:0
                product: HDA Intel PCH HDMI/DP,pcm=8
                physical id: 0
                logical name: input10
                logical name: /dev/input/event10
           *-input:1
                product: HDA Intel PCH HDMI/DP,pcm=9
                physical id: 1
                logical name: input11
                logical name: /dev/input/event11
           *-input:2
                product: HDA Intel PCH HDMI/DP,pcm=10
                physical id: 2
                logical name: input12
                logical name: /dev/input/event12
           *-input:3
                product: HDA Intel PCH HDMI/DP,pcm=11
                physical id: 3
                logical name: input13
                logical name: /dev/input/event13
           *-input:4
                product: HDA Intel PCH HDMI/DP,pcm=12
                physical id: 4
                logical name: input14
                logical name: /dev/input/event14
           *-input:5
                product: HDA Intel PCH HDMI/DP,pcm=13
                physical id: 5
                logical name: input15
                logical name: /dev/input/event15
           *-input:6
                product: HDA Intel PCH HDMI/DP,pcm=14
                physical id: 6
                logical name: input16
                logical name: /dev/input/event16
           *-input:7
                product: HDA Intel PCH HDMI/DP,pcm=15
                physical id: 7
                logical name: input17
                logical name: /dev/input/event17
           *-input:8
                product: HDA Intel PCH HDMI/DP,pcm=16
                physical id: 8
                logical name: input18
                logical name: /dev/input/event18
           *-input:9
                product: HDA Intel PCH HDMI/DP,pcm=17
                physical id: 9
                logical name: input19
                logical name: /dev/input/event19
           *-input:10
                product: HDA Intel PCH Mic
                physical id: a
                logical name: input6
                logical name: /dev/input/event6
           *-input:11
                product: HDA Intel PCH Headphone
                physical id: b
                logical name: input7
                logical name: /dev/input/event7
           *-input:12
                product: HDA Intel PCH HDMI/DP,pcm=3
                physical id: c
                logical name: input8
                logical name: /dev/input/event8
           *-input:13
                product: HDA Intel PCH HDMI/DP,pcm=7
                physical id: d
                logical name: input9
                logical name: /dev/input/event9
        *-serial:1
             description: SMBus
             product: Alder Lake PCH-P SMBus Host Controller
             vendor: Intel Corporation
             physical id: 1f.4
             bus info: pci@0000:00:1f.4
             version: 01
             width: 64 bits
             clock: 33MHz
             configuration: driver=i801_smbus latency=0
             resources: iomemory:600-5ff irq:16 memory:603d1b4000-603d1b40ff ioport:efa0(size=32)
        *-serial:2 UNCLAIMED
             description: Serial bus controller
             product: Alder Lake-P PCH SPI Controller
             vendor: Intel Corporation
             physical id: 1f.5
             bus info: pci@0000:00:1f.5
             version: 01
             width: 32 bits
             clock: 33MHz
             configuration: latency=0
             resources: memory:68800000-68800fff
  *-input:0
       product: Sleep Button
       physical id: 1
       logical name: input0
       logical name: /dev/input/event0
       capabilities: platform
  *-input:1
       product: Power Button
       physical id: 2
       logical name: input1
       logical name: /dev/input/event1
       capabilities: platform
  *-input:2
       product: Power Button
       physical id: 3
       logical name: input2
       logical name: /dev/input/event2
       capabilities: platform
  *-input:3
       product: M720 Triathlon Keyboard
       physical id: 4
       logical name: input20
       logical name: /dev/input/event20
       capabilities: bluetooth
  *-input:4
       product: M720 Triathlon Mouse
       physical id: 5
       logical name: input21
       logical name: /dev/input/event21
       logical name: /dev/input/mouse0
       capabilities: bluetooth
  *-input:5
       product: Video Bus
       physical id: 6
       logical name: input3
       logical name: /dev/input/event3
       capabilities: platform
  *-input:6
       product: Intel HID events
       physical id: 7
       logical name: input5
       logical name: /dev/input/event5
       capabilities: platform
